start of job
2024-09-08 01:18:19
eliminating results slurm older than 10 days
/mnt/beegfs/lcesarini/2022_resilience/resilience
no change     /apps/miniconda3/condabin/conda
no change     /apps/miniconda3/bin/conda
no change     /apps/miniconda3/bin/conda-env
no change     /apps/miniconda3/bin/activate
no change     /apps/miniconda3/bin/deactivate
no change     /apps/miniconda3/etc/profile.d/conda.sh
no change     /apps/miniconda3/etc/fish/conf.d/conda.fish
no change     /apps/miniconda3/shell/condabin/Conda.psm1
no change     /apps/miniconda3/shell/condabin/conda-hook.ps1
no change     /apps/miniconda3/lib/python3.9/site-packages/xontrib/conda.xsh
no change     /apps/miniconda3/etc/profile.d/conda.csh
no change     /home/luigi.cesarini/.bashrc
No action taken.
Running:KNMI 08/09/2024 01:19:00
Running:KNMI 08/09/2024 01:18:57
Running:KNMI 08/09/2024 01:19:00
Running:KNMI 08/09/2024 01:19:00
Running:KNMI 08/09/2024 01:18:57
Running:KNMI 08/09/2024 01:19:00
Running:KNMI 08/09/2024 01:19:00
Running:HCLIMcom 08/09/2024 01:19:00
Running:HCLIMcom 08/09/2024 02:47:21
Running:HCLIMcom 08/09/2024 02:47:18
Running:HCLIMcom 08/09/2024 02:47:50
Running:HCLIMcom 08/09/2024 02:48:38
Running:KNMI 08/09/2024 02:49:22
Running:HCLIMcom 08/09/2024 02:49:55
Running:HCLIMcom 08/09/2024 02:49:36
Running:HCLIMcom 08/09/2024 02:49:19
Sun Sep  8 04:19:43 CEST 2024
end of job
