start of job
2024-03-26 17:10:12
eliminating results slurm older than 10 days
/mnt/beegfs/lcesarini/2022_resilience/resilience
no change     /apps/miniconda3/condabin/conda
no change     /apps/miniconda3/bin/conda
no change     /apps/miniconda3/bin/conda-env
no change     /apps/miniconda3/bin/activate
no change     /apps/miniconda3/bin/deactivate
no change     /apps/miniconda3/etc/profile.d/conda.sh
no change     /apps/miniconda3/etc/fish/conf.d/conda.fish
no change     /apps/miniconda3/shell/condabin/Conda.psm1
no change     /apps/miniconda3/shell/condabin/conda-hook.ps1
no change     /apps/miniconda3/lib/python3.9/site-packages/xontrib/conda.xsh
no change     /apps/miniconda3/etc/profile.d/conda.csh
no change     /home/luigi.cesarini/.bashrc
No action taken.
['JJA', 'SON']
KNMI
['JJA', 'SON']
HCLIMcom
['JJA', 'SON']
ICTP
['JJA', 'SON']
CMCC
['JJA', 'SON']
KIT
['JJA', 'SON']
CNRM
['JJA', 'SON']
ETH
['JJA', 'SON']
SPHERA
['JJA', 'SON']
MOHC
Tue Mar 26 17:14:39 CET 2024
end of job
