start of job
2024-02-29 10:00:39
eliminating results slurm older than 10 days
/mnt/beegfs/lcesarini/2022_resilience/resilience
no change     /apps/miniconda3/condabin/conda
no change     /apps/miniconda3/bin/conda
no change     /apps/miniconda3/bin/conda-env
no change     /apps/miniconda3/bin/activate
no change     /apps/miniconda3/bin/deactivate
no change     /apps/miniconda3/etc/profile.d/conda.sh
no change     /apps/miniconda3/etc/fish/conf.d/conda.fish
no change     /apps/miniconda3/shell/condabin/Conda.psm1
no change     /apps/miniconda3/shell/condabin/conda-hook.ps1
no change     /apps/miniconda3/lib/python3.9/site-packages/xontrib/conda.xsh
no change     /apps/miniconda3/etc/profile.d/conda.csh
no change     /home/luigi.cesarini/.bashrc
No action taken.
Running:ETH 29/02/2024 10:01:01
Running:ICTP 29/02/2024 10:01:02
Running:HCLIMcom 29/02/2024 10:01:03
Running:KIT 29/02/2024 10:01:01
Running:CMCC 29/02/2024 10:01:04
Running:CNRM 29/02/2024 10:01:04
Running:KNMI 29/02/2024 10:01:03
SON
DJF
MAM
JJA
SON
DJF
MAM
JJA
SON
DJF
MAM
JJA
SON
DJF
MAM
JJA
SON
DJF
MAM
JJA
Thu Feb 29 17:23:41 CET 2024
end of job
