start of job
2024-09-08 17:12:38
eliminating results slurm older than 10 days
/mnt/beegfs/lcesarini/2022_resilience/resilience
no change     /apps/miniconda3/condabin/conda
no change     /apps/miniconda3/bin/conda
no change     /apps/miniconda3/bin/conda-env
no change     /apps/miniconda3/bin/activate
no change     /apps/miniconda3/bin/deactivate
no change     /apps/miniconda3/etc/profile.d/conda.sh
no change     /apps/miniconda3/etc/fish/conf.d/conda.fish
no change     /apps/miniconda3/shell/condabin/Conda.psm1
no change     /apps/miniconda3/shell/condabin/conda-hook.ps1
no change     /apps/miniconda3/lib/python3.9/site-packages/xontrib/conda.xsh
no change     /apps/miniconda3/etc/profile.d/conda.csh
no change     /home/luigi.cesarini/.bashrc
No action taken.
debug_:False
Running:ICTP 08/09/2024 17:13:45
debug_:False
Running:ICTP 08/09/2024 17:13:46
debug_:False
Running:ICTP 08/09/2024 17:13:49
debug_:False
Running:ICTP 08/09/2024 17:13:49
debug_:False
Running:ICTP 08/09/2024 17:13:49
debug_:False
Running:ICTP 08/09/2024 17:13:53
debug_:False
Running:ICTP 08/09/2024 17:13:57
debug_:False
Running:ICTP 08/09/2024 17:13:53
debug_:False
Running:MOHC 08/09/2024 17:13:46
debug_:False
Running:MOHC 08/09/2024 17:13:50
debug_:False
Running:MOHC 08/09/2024 17:13:56
debug_:False
Running:MOHC 08/09/2024 17:13:57
debug_:False
Running:MOHC 08/09/2024 17:13:46
debug_:False
Running:MOHC 08/09/2024 17:13:57
debug_:False
Running:MOHC 08/09/2024 17:13:58
debug_:False
Running:MOHC 08/09/2024 17:13:49
Sun Sep  8 17:21:40 CEST 2024
end of job
