start of job
2024-03-28 17:10:34
eliminating results slurm older than 10 days
/mnt/beegfs/lcesarini/2022_resilience/resilience
no change     /apps/miniconda3/condabin/conda
no change     /apps/miniconda3/bin/conda
no change     /apps/miniconda3/bin/conda-env
no change     /apps/miniconda3/bin/activate
no change     /apps/miniconda3/bin/deactivate
no change     /apps/miniconda3/etc/profile.d/conda.sh
no change     /apps/miniconda3/etc/fish/conf.d/conda.fish
no change     /apps/miniconda3/shell/condabin/Conda.psm1
no change     /apps/miniconda3/shell/condabin/conda-hook.ps1
no change     /apps/miniconda3/lib/python3.9/site-packages/xontrib/conda.xsh
no change     /apps/miniconda3/etc/profile.d/conda.csh
no change     /home/luigi.cesarini/.bashrc
No action taken.
['2000']01
['2000']03
['2001']04
['2001']10
['2002']02
['2002']09
['2003']09
['2004']05
['2004']12
['2005']07
['2006']01
['2006']10
['2007']07
['2008']02
['2008']10
['2000']09
['2000']12
['2002']01
['2002']11
['2003']08
['2004']06
['2005']03
['2005']12
['2006']09
['2007']05
['2008']07
['2008']12
['2000']11
['2001']07
['2002']03
['2003']12
['2004']07
['2005']02
