start of job
2024-03-28 17:12:35
eliminating results slurm older than 10 days
/mnt/beegfs/lcesarini/2022_resilience/resilience
no change     /apps/miniconda3/condabin/conda
no change     /apps/miniconda3/bin/conda
no change     /apps/miniconda3/bin/conda-env
no change     /apps/miniconda3/bin/activate
no change     /apps/miniconda3/bin/deactivate
no change     /apps/miniconda3/etc/profile.d/conda.sh
no change     /apps/miniconda3/etc/fish/conf.d/conda.fish
no change     /apps/miniconda3/shell/condabin/Conda.psm1
no change     /apps/miniconda3/shell/condabin/conda-hook.ps1
no change     /apps/miniconda3/lib/python3.9/site-packages/xontrib/conda.xsh
no change     /apps/miniconda3/etc/profile.d/conda.csh
no change     /home/luigi.cesarini/.bashrc
No action taken.
200001
200002
200011
200108
200202
200211
200005
200009
200201
200207
200606
200010
200102
200710
200204
200301
200101
200106
200208
200309
200402
200004
200111
200706
200310
200406
200112
200109
200703
200609
200510
200110
200209
200212
200412
200503
200003
200707
200405
200805
200105
200205
200506
200302
200603
200103
200701
200611
200808
200512
200602
200812
200306
200807
200407
200401
200007
200607
200810
200803
200505
200702
200312
200604
200802
200210
200712
200809
200708
200709
200404
200502
200504
200409
200410
200806
200305
200508
200610
200601
200107
200811
200612
200206
200704
200509
200006
200608
200711
200403
200303
200901
200308
200008
200203
200902
200705
200801
200012
200408
200804
200304
200511
200307
200411
200501
200311
200903
200507
200104
200904
200605
200905
200906
200907
200908
200909
200910
200911
200912
Thu Mar 28 17:39:59 CET 2024
end of job
