start of job
2024-03-28 17:42:24
eliminating results slurm older than 10 days
/mnt/beegfs/lcesarini/2022_resilience/resilience
no change     /apps/miniconda3/condabin/conda
no change     /apps/miniconda3/bin/conda
no change     /apps/miniconda3/bin/conda-env
no change     /apps/miniconda3/bin/activate
no change     /apps/miniconda3/bin/deactivate
no change     /apps/miniconda3/etc/profile.d/conda.sh
no change     /apps/miniconda3/etc/fish/conf.d/conda.fish
no change     /apps/miniconda3/shell/condabin/Conda.psm1
no change     /apps/miniconda3/shell/condabin/conda-hook.ps1
no change     /apps/miniconda3/lib/python3.9/site-packages/xontrib/conda.xsh
no change     /apps/miniconda3/etc/profile.d/conda.csh
no change     /home/luigi.cesarini/.bashrc
No action taken.
200011
200006
200008
200005
200004
200812
200009
200007
200102
200303
200502
200304
200002
200107
200505
200110
200306
200010
200106
200205
200707
200606
200404
200003
200809
200208
200203
200001
200401
200407
200710
200603
200312
200108
200202
200012
200307
200207
200803
200402
200508
200602
200702
200104
200704
200302
200111
200709
200309
200206
200101
200506
200711
200204
200608
200308
200411
200201
200305
200807
200611
200211
200509
200906
200408
200604
200406
200103
200806
200904
200908
200210
200409
200905
200802
200910
200610
200301
200901
200109
200310
200403
200907
200601
200410
200605
200607
200811
200209
200902
200609
200511
200909
200912
200510
200512
200706
200708
200804
200105
200701
200405
200703
200705
200810
200903
200112
200801
200712
200507
200612
200911
200503
200504
200412
200805
200212
Thu Mar 28 17:42:58 CET 2024
end of job
